<?xml version="1.0" encoding="UTF-8"?>
<testsuite name="com.dal.book.springboot.web.PostsApiControllerTest" tests="2" skipped="0" failures="0" errors="0" timestamp="2020-05-04T08:08:26" hostname="DESKTOP-4O1DAUT" time="0.137">
  <properties/>
  <testcase name="Posts_등록된다" classname="com.dal.book.springboot.web.PostsApiControllerTest" time="0.089"/>
  <testcase name="Posts_수정된다" classname="com.dal.book.springboot.web.PostsApiControllerTest" time="0.047"/>
  <system-out><![CDATA[2020-05-04 17:08:26.857  INFO 7972 --- [    Test worker] .b.t.c.SpringBootTestContextBootstrapper : Neither @ContextConfiguration nor @ContextHierarchy found for test class [com.dal.book.springboot.web.PostsApiControllerTest], using SpringBootContextLoader
2020-05-04 17:08:26.857  INFO 7972 --- [    Test worker] o.s.t.c.support.AbstractContextLoader    : Could not detect default resource locations for test class [com.dal.book.springboot.web.PostsApiControllerTest]: no resource found for suffixes {-context.xml, Context.groovy}.
2020-05-04 17:08:26.857  INFO 7972 --- [    Test worker] t.c.s.AnnotationConfigContextLoaderUtils : Could not detect default configuration classes for test class [com.dal.book.springboot.web.PostsApiControllerTest]: PostsApiControllerTest does not declare any static, non-private, non-final, nested classes annotated with @Configuration.
2020-05-04 17:08:26.857  INFO 7972 --- [    Test worker] .b.t.c.SpringBootTestContextBootstrapper : Found @SpringBootConfiguration com.dal.book.springboot.Application for test class com.dal.book.springboot.web.PostsApiControllerTest
2020-05-04 17:08:26.857  INFO 7972 --- [    Test worker] .b.t.c.SpringBootTestContextBootstrapper : Loaded default TestExecutionListener class names from location [META-INF/spring.factories]: [org.springframework.security.test.context.support.WithSecurityContextTestExecutionListener, org.springframework.security.test.context.support.ReactorContextTestExecutionListener, org.springframework.test.context.web.ServletTestExecutionListener, org.springframework.test.context.support.DirtiesContextBeforeModesTestExecutionListener, org.springframework.test.context.support.DependencyInjectionTestExecutionListener, org.springframework.test.context.support.DirtiesContextTestExecutionListener, org.springframework.test.context.transaction.TransactionalTestExecutionListener, org.springframework.test.context.jdbc.SqlScriptsTestExecutionListener, org.springframework.boot.test.autoconfigure.restdocs.RestDocsTestExecutionListener, org.springframework.boot.test.autoconfigure.web.client.MockRestServiceServerResetTestExecutionListener, org.springframework.boot.test.autoconfigure.web.servlet.MockMvcPrintOnlyOnFailureTestExecutionListener, org.springframework.boot.test.autoconfigure.web.servlet.WebDriverTestExecutionListener, org.springframework.boot.test.mock.mockito.MockitoTestExecutionListener, org.springframework.boot.test.mock.mockito.ResetMocksTestExecutionListener]
2020-05-04 17:08:26.866  INFO 7972 --- [    Test worker] .b.t.c.SpringBootTestContextBootstrapper : Using TestExecutionListeners: [org.springframework.test.context.web.ServletTestExecutionListener@567fa87b, org.springframework.test.context.support.DirtiesContextBeforeModesTestExecutionListener@75953089, org.springframework.boot.test.mock.mockito.MockitoTestExecutionListener@6bb0e207, org.springframework.boot.test.autoconfigure.SpringBootDependencyInjectionTestExecutionListener@7479c81a, org.springframework.test.context.support.DirtiesContextTestExecutionListener@5fee8a9e, org.springframework.test.context.transaction.TransactionalTestExecutionListener@3a3f892, org.springframework.test.context.jdbc.SqlScriptsTestExecutionListener@6f6f923b, org.springframework.security.test.context.support.WithSecurityContextTestExecutionListener@55ecaed4, org.springframework.security.test.context.support.ReactorContextTestExecutionListener@7efd648d, org.springframework.boot.test.autoconfigure.restdocs.RestDocsTestExecutionListener@620674a8, org.springframework.boot.test.autoconfigure.web.client.MockRestServiceServerResetTestExecutionListener@716bcc99, org.springframework.boot.test.autoconfigure.web.servlet.MockMvcPrintOnlyOnFailureTestExecutionListener@41c1466e, org.springframework.boot.test.autoconfigure.web.servlet.WebDriverTestExecutionListener@540d8bd7, org.springframework.boot.test.mock.mockito.ResetMocksTestExecutionListener@5ff06ca]
2020-05-04 17:08:26.881  INFO 7972 --- [    Test worker] o.a.c.c.C.[Tomcat].[localhost].[/]       : Initializing Spring TestDispatcherServlet ''
2020-05-04 17:08:26.881  INFO 7972 --- [    Test worker] o.s.t.web.servlet.TestDispatcherServlet  : Initializing Servlet ''
2020-05-04 17:08:26.886  INFO 7972 --- [    Test worker] o.s.t.web.servlet.TestDispatcherServlet  : Completed initialization in 5 ms
Hibernate: insert into posts (created_date, modified_date, author, content, title) values (?, ?, ?, ?, ?)
Hibernate: select posts0_.id as id1_0_, posts0_.created_date as created_2_0_, posts0_.modified_date as modified3_0_, posts0_.author as author4_0_, posts0_.content as content5_0_, posts0_.title as title6_0_ from posts posts0_
Hibernate: select posts0_.id as id1_0_, posts0_.created_date as created_2_0_, posts0_.modified_date as modified3_0_, posts0_.author as author4_0_, posts0_.content as content5_0_, posts0_.title as title6_0_ from posts posts0_
Hibernate: delete from posts where id=?
2020-05-04 17:08:26.965  INFO 7972 --- [    Test worker] o.a.c.c.C.[Tomcat].[localhost].[/]       : Initializing Spring TestDispatcherServlet ''
2020-05-04 17:08:26.965  INFO 7972 --- [    Test worker] o.s.t.web.servlet.TestDispatcherServlet  : Initializing Servlet ''
2020-05-04 17:08:26.972  INFO 7972 --- [    Test worker] o.s.t.web.servlet.TestDispatcherServlet  : Completed initialization in 7 ms
Hibernate: insert into posts (created_date, modified_date, author, content, title) values (?, ?, ?, ?, ?)
Hibernate: select posts0_.id as id1_0_0_, posts0_.created_date as created_2_0_0_, posts0_.modified_date as modified3_0_0_, posts0_.author as author4_0_0_, posts0_.content as content5_0_0_, posts0_.title as title6_0_0_ from posts posts0_ where posts0_.id=?
Hibernate: update posts set created_date=?, modified_date=?, author=?, content=?, title=? where id=?
Hibernate: select posts0_.id as id1_0_, posts0_.created_date as created_2_0_, posts0_.modified_date as modified3_0_, posts0_.author as author4_0_, posts0_.content as content5_0_, posts0_.title as title6_0_ from posts posts0_
Hibernate: select posts0_.id as id1_0_, posts0_.created_date as created_2_0_, posts0_.modified_date as modified3_0_, posts0_.author as author4_0_, posts0_.content as content5_0_, posts0_.title as title6_0_ from posts posts0_
Hibernate: delete from posts where id=?
]]></system-out>
  <system-err><![CDATA[]]></system-err>
</testsuite>
