<?xml version="1.0" encoding="UTF-8"?>
<testsuite name="com.dal.book.springboot.web.HomeControllerTest" tests="2" skipped="0" failures="0" errors="0" timestamp="2020-05-04T08:08:23" hostname="DESKTOP-4O1DAUT" time="0.24">
  <properties/>
  <testcase name="hello가_리턴된다" classname="com.dal.book.springboot.web.HomeControllerTest" time="0.103"/>
  <testcase name="helloDto가_리턴된다" classname="com.dal.book.springboot.web.HomeControllerTest" time="0.136"/>
  <system-out><![CDATA[2020-05-04 17:08:21.941  INFO 7972 --- [    Test worker] .b.t.a.w.s.WebMvcTestContextBootstrapper : Neither @ContextConfiguration nor @ContextHierarchy found for test class [com.dal.book.springboot.web.HomeControllerTest], using SpringBootContextLoader
2020-05-04 17:08:21.942  INFO 7972 --- [    Test worker] o.s.t.c.support.AbstractContextLoader    : Could not detect default resource locations for test class [com.dal.book.springboot.web.HomeControllerTest]: no resource found for suffixes {-context.xml, Context.groovy}.
2020-05-04 17:08:21.943  INFO 7972 --- [    Test worker] t.c.s.AnnotationConfigContextLoaderUtils : Could not detect default configuration classes for test class [com.dal.book.springboot.web.HomeControllerTest]: HomeControllerTest does not declare any static, non-private, non-final, nested classes annotated with @Configuration.
2020-05-04 17:08:21.980  INFO 7972 --- [    Test worker] .b.t.c.SpringBootTestContextBootstrapper : Found @SpringBootConfiguration com.dal.book.springboot.Application for test class com.dal.book.springboot.web.HomeControllerTest
2020-05-04 17:08:21.980  INFO 7972 --- [    Test worker] .b.t.a.w.s.WebMvcTestContextBootstrapper : Loaded default TestExecutionListener class names from location [META-INF/spring.factories]: [org.springframework.security.test.context.support.WithSecurityContextTestExecutionListener, org.springframework.security.test.context.support.ReactorContextTestExecutionListener, org.springframework.test.context.web.ServletTestExecutionListener, org.springframework.test.context.support.DirtiesContextBeforeModesTestExecutionListener, org.springframework.test.context.support.DependencyInjectionTestExecutionListener, org.springframework.test.context.support.DirtiesContextTestExecutionListener, org.springframework.test.context.transaction.TransactionalTestExecutionListener, org.springframework.test.context.jdbc.SqlScriptsTestExecutionListener, org.springframework.boot.test.autoconfigure.restdocs.RestDocsTestExecutionListener, org.springframework.boot.test.autoconfigure.web.client.MockRestServiceServerResetTestExecutionListener, org.springframework.boot.test.autoconfigure.web.servlet.MockMvcPrintOnlyOnFailureTestExecutionListener, org.springframework.boot.test.autoconfigure.web.servlet.WebDriverTestExecutionListener, org.springframework.boot.test.mock.mockito.MockitoTestExecutionListener, org.springframework.boot.test.mock.mockito.ResetMocksTestExecutionListener]
2020-05-04 17:08:21.983  INFO 7972 --- [    Test worker] .b.t.a.w.s.WebMvcTestContextBootstrapper : Using TestExecutionListeners: [org.springframework.test.context.web.ServletTestExecutionListener@150acec5, org.springframework.test.context.support.DirtiesContextBeforeModesTestExecutionListener@7799231f, org.springframework.boot.test.mock.mockito.MockitoTestExecutionListener@19ea44bc, org.springframework.boot.test.autoconfigure.SpringBootDependencyInjectionTestExecutionListener@18ec49dd, org.springframework.test.context.support.DirtiesContextTestExecutionListener@5bd3c0e3, org.springframework.test.context.transaction.TransactionalTestExecutionListener@656c815d, org.springframework.test.context.jdbc.SqlScriptsTestExecutionListener@2e68f6e8, org.springframework.security.test.context.support.WithSecurityContextTestExecutionListener@5430f059, org.springframework.security.test.context.support.ReactorContextTestExecutionListener@11a1e6e4, org.springframework.boot.test.autoconfigure.restdocs.RestDocsTestExecutionListener@1046fbe4, org.springframework.boot.test.autoconfigure.web.client.MockRestServiceServerResetTestExecutionListener@79f090b2, org.springframework.boot.test.autoconfigure.web.servlet.MockMvcPrintOnlyOnFailureTestExecutionListener@2a1115ed, org.springframework.boot.test.autoconfigure.web.servlet.WebDriverTestExecutionListener@3419408d, org.springframework.boot.test.mock.mockito.ResetMocksTestExecutionListener@13a71431]

  .   ____          _            __ _ _
 /\\ / ___'_ __ _ _(_)_ __  __ _ \ \ \ \
( ( )\___ | '_ | '_| | '_ \/ _` | \ \ \ \
 \\/  ___)| |_)| | | | | || (_| |  ) ) ) )
  '  |____| .__|_| |_|_| |_\__, | / / / /
 =========|_|==============|___/=/_/_/_/
 :: Spring Boot ::        (v2.1.7.RELEASE)

2020-05-04 17:08:22.067  INFO 7972 --- [    Test worker] c.d.b.springboot.web.HomeControllerTest  : Starting HomeControllerTest on DESKTOP-4O1DAUT with PID 7972 (started by cho in C:\git\Spring Boot)
2020-05-04 17:08:22.067  INFO 7972 --- [    Test worker] c.d.b.springboot.web.HomeControllerTest  : The following profiles are active: oauth
2020-05-04 17:08:22.804  INFO 7972 --- [    Test worker] o.s.s.concurrent.ThreadPoolTaskExecutor  : Initializing ExecutorService 'applicationTaskExecutor'
2020-05-04 17:08:22.852  INFO 7972 --- [    Test worker] o.s.b.a.w.s.WelcomePageHandlerMapping    : Adding welcome page template: index
2020-05-04 17:08:23.170  INFO 7972 --- [    Test worker] .s.s.UserDetailsServiceAutoConfiguration : 

Using generated security password: 1b315fe7-e0eb-472a-bed3-a88588917876

2020-05-04 17:08:23.388  INFO 7972 --- [    Test worker] o.s.s.web.DefaultSecurityFilterChain     : Creating filter chain: any request, [org.springframework.security.web.context.request.async.WebAsyncManagerIntegrationFilter@568743da, org.springframework.security.web.context.SecurityContextPersistenceFilter@1eff6bd5, org.springframework.security.web.header.HeaderWriterFilter@ce18101, org.springframework.security.web.csrf.CsrfFilter@21cb68cc, org.springframework.security.web.authentication.logout.LogoutFilter@3bcca186, org.springframework.security.web.authentication.UsernamePasswordAuthenticationFilter@31ebdd00, org.springframework.security.web.authentication.ui.DefaultLoginPageGeneratingFilter@15fdb9c9, org.springframework.security.web.authentication.ui.DefaultLogoutPageGeneratingFilter@7ea4214d, org.springframework.security.web.authentication.www.BasicAuthenticationFilter@557e8abb, org.springframework.security.web.savedrequest.RequestCacheAwareFilter@53eea8c8, org.springframework.security.web.servletapi.SecurityContextHolderAwareRequestFilter@5307c23d, org.springframework.security.web.authentication.AnonymousAuthenticationFilter@5fae5770, org.springframework.security.web.session.SessionManagementFilter@76960559, org.springframework.security.web.access.ExceptionTranslationFilter@1e3a7cce, org.springframework.security.web.access.intercept.FilterSecurityInterceptor@4932b9bd]
2020-05-04 17:08:23.438  INFO 7972 --- [    Test worker] o.s.b.t.m.w.SpringBootMockServletContext : Initializing Spring TestDispatcherServlet ''
2020-05-04 17:08:23.438  INFO 7972 --- [    Test worker] o.s.t.web.servlet.TestDispatcherServlet  : Initializing Servlet ''
2020-05-04 17:08:23.474  INFO 7972 --- [    Test worker] o.s.t.web.servlet.TestDispatcherServlet  : Completed initialization in 36 ms
2020-05-04 17:08:23.538  INFO 7972 --- [    Test worker] c.d.b.springboot.web.HomeControllerTest  : Started HomeControllerTest in 1.552 seconds (JVM running for 13.263)
]]></system-out>
  <system-err><![CDATA[]]></system-err>
</testsuite>
